initing SHU (scanning for classes)
[2025-02-23 13:02:10.791-0300][INFO][deploy-system] Starting the deploy script
[0mmilisseconds: 5000
=================================================saving =============================
[2025-02-23 13:02:13.826-0300][INFO][deploy-system/VssHelper] Starting the deploy script
[0m[2025-02-23 13:02:14.650-0300][INFO][deploy-system] Project and system helper created
[0m[2025-02-23 13:02:15.601-0300][INFO][gitobserver] Starting the GitObserver for the repository '/mnt/flashdrive64gb/projects_repos/VarStreamServer'
[0m[2025-02-23 13:02:15.771-0300][INFO][gitobserver] Adding periodic task to the scheduler to check for new commits in the repository '/mnt/flashdrive64gb/projects_repos/VarStreamServer' every 120 seconds
[0mmilisseconds: 120000
evaluating 1740329775829 >= 5000
firing
evaluating 1740329775829 >= 120000
firing
[2025-02-23 13:02:15.896-0300][INFO][gitobserver] checking folder /auto/pipelines/vss/run/workdata/gitobserver/mntflashdrive64gbprojects_reposVarStreamServer/projectcode/.git
[0m[2025-02-23 13:02:15.921-0300][INFO][gitobserver] Cloning the repository '/mnt/flashdrive64gb/projects_repos/VarStreamServer' to '/auto/pipelines/vss/run/workdata/gitobserver/mntflashdrive64gbprojects_reposVarStreamServer/projectcode'
[0m[0;34m[2025-02-23 13:02:15.957-0300][COMMAND_TRACE][gitobserver] Cloning into '/auto/pipelines/vss/run/workdata/gitobserver/mntflashdrive64gbprojects_reposVarStreamServer/projectcode'...
[0m[0;34m[2025-02-23 13:02:17.880-0300][COMMAND_TRACE][gitobserver] done.
[0m[0;34m[2025-02-23 13:02:18.019-0300][COMMAND_TRACE][gitobserver] Submodule 'sources/Shared/Libs/DependencyInjection' (https://github.com/rafael-tonello/DependencyInjection.git) registered for path 'sources/Shared/Libs/DependencyInjection'
[0m[0;34m[2025-02-23 13:02:18.054-0300][COMMAND_TRACE][gitobserver] Submodule 'sources/Shared/Libs/DynamicVar' (https://github.com/rafael-tonello/DynamicVar.git) registered for path 'sources/Shared/Libs/DynamicVar'
[0m[0;34m[2025-02-23 13:02:18.081-0300][COMMAND_TRACE][gitobserver] Submodule 'sources/Shared/Libs/KwWebServer' (https://github.com/rafael-tonello/KwWebServer) registered for path 'sources/Shared/Libs/KwWebServer'
[0m[0;34m[2025-02-23 13:02:18.109-0300][COMMAND_TRACE][gitobserver] Submodule 'sources/Shared/Libs/Logger' (https://github.com/rafael-tonello/Logger.git) registered for path 'sources/Shared/Libs/Logger'
[0m[0;34m[2025-02-23 13:02:18.135-0300][COMMAND_TRACE][gitobserver] Submodule 'sources/Shared/Libs/TCPServer' (https://github.com/rafael-tonello/TCPServer.git) registered for path 'sources/Shared/Libs/TCPServer'
[0m[0;34m[2025-02-23 13:02:18.162-0300][COMMAND_TRACE][gitobserver] Submodule 'sources/Shared/Libs/ThreadPool' (https://github.com/rafael-tonello/ThreadPool.git) registered for path 'sources/Shared/Libs/ThreadPool'
[0m[0;34m[2025-02-23 13:02:18.190-0300][COMMAND_TRACE][gitobserver] Submodule 'sources/Shared/Libs/json_maker' (https://github.com/rafael-tonello/libs.json_maker.git) registered for path 'sources/Shared/Libs/json_maker'
[0m[0;34m[2025-02-23 13:02:18.215-0300][COMMAND_TRACE][gitobserver] Cloning into '/auto/pipelines/vss/run/workdata/gitobserver/mntflashdrive64gbprojects_reposVarStreamServer/projectcode/sources/Shared/Libs/DependencyInjection'...
[0m[0;34m[2025-02-23 13:02:19.178-0300][COMMAND_TRACE][gitobserver] Cloning into '/auto/pipelines/vss/run/workdata/gitobserver/mntflashdrive64gbprojects_reposVarStreamServer/projectcode/sources/Shared/Libs/DynamicVar'...
[0m[0;34m[2025-02-23 13:02:20.262-0300][COMMAND_TRACE][gitobserver] Cloning into '/auto/pipelines/vss/run/workdata/gitobserver/mntflashdrive64gbprojects_reposVarStreamServer/projectcode/sources/Shared/Libs/KwWebServer'...
[0m[0;34m[2025-02-23 13:02:24.720-0300][COMMAND_TRACE][gitobserver] Cloning into '/auto/pipelines/vss/run/workdata/gitobserver/mntflashdrive64gbprojects_reposVarStreamServer/projectcode/sources/Shared/Libs/Logger'...
[0m[0;34m[2025-02-23 13:02:25.629-0300][COMMAND_TRACE][gitobserver] Cloning into '/auto/pipelines/vss/run/workdata/gitobserver/mntflashdrive64gbprojects_reposVarStreamServer/projectcode/sources/Shared/Libs/TCPServer'...
[0m[0;34m[2025-02-23 13:02:27.326-0300][COMMAND_TRACE][gitobserver] Cloning into '/auto/pipelines/vss/run/workdata/gitobserver/mntflashdrive64gbprojects_reposVarStreamServer/projectcode/sources/Shared/Libs/ThreadPool'...
[0m[0;34m[2025-02-23 13:02:28.105-0300][COMMAND_TRACE][gitobserver] Cloning into '/auto/pipelines/vss/run/workdata/gitobserver/mntflashdrive64gbprojects_reposVarStreamServer/projectcode/sources/Shared/Libs/json_maker'...
[0m[0;34m[2025-02-23 13:02:29.586-0300][COMMAND_TRACE][gitobserver] Submodule path 'sources/Shared/Libs/DependencyInjection': checked out '7cb2800869051f6826e86f9e08257ca054df3153'
[0m[0;34m[2025-02-23 13:02:29.678-0300][COMMAND_TRACE][gitobserver] Submodule path 'sources/Shared/Libs/DynamicVar': checked out 'ffe9a8b7d9c536c70adeee20bfe61243ca84f9d4'
[0m[0;34m[2025-02-23 13:02:29.708-0300][COMMAND_TRACE][gitobserver] Submodule 'sources/common/libs.json_maker' (https://github.com/rafael-tonello/libs.json_maker.git) registered for path 'sources/Shared/Libs/DynamicVar/sources/common/libs.json_maker'
[0m[0;34m[2025-02-23 13:02:29.738-0300][COMMAND_TRACE][gitobserver] Cloning into '/auto/pipelines/vss/run/workdata/gitobserver/mntflashdrive64gbprojects_reposVarStreamServer/projectcode/sources/Shared/Libs/DynamicVar/sources/common/libs.json_maker'...
[0m[0;34m[2025-02-23 13:02:31.114-0300][COMMAND_TRACE][gitobserver] Submodule path 'sources/Shared/Libs/DynamicVar/sources/common/libs.json_maker': checked out 'd125ba6711ceaf95d192b08480e0cbf868b3b317'
[0m[0;34m[2025-02-23 13:02:31.227-0300][COMMAND_TRACE][gitobserver] Submodule path 'sources/Shared/Libs/KwWebServer': checked out 'bb1c9d3404468ee68c36b6207bc09e6e1560589f'
[0m[0;34m[2025-02-23 13:02:31.258-0300][COMMAND_TRACE][gitobserver] Submodule 'sources/libs/TCPServer' (https://github.com/rafael-tonello/TCPServer.git) registered for path 'sources/Shared/Libs/KwWebServer/sources/libs/TCPServer'
[0m[0;34m[2025-02-23 13:02:31.288-0300][COMMAND_TRACE][gitobserver] Submodule 'sources/libs/ThreadPool' (https://github.com/rafinhatonello/ThreadPool.git) registered for path 'sources/Shared/Libs/KwWebServer/sources/libs/ThreadPool'
[0m[0;34m[2025-02-23 13:02:31.317-0300][COMMAND_TRACE][gitobserver] Submodule 'sources/libs/libs.json_maker' (https://github.com/rafinhatonello/libs.json_maker.git) registered for path 'sources/Shared/Libs/KwWebServer/sources/libs/libs.json_maker'
[0m[0;34m[2025-02-23 13:02:31.343-0300][COMMAND_TRACE][gitobserver] Cloning into '/auto/pipelines/vss/run/workdata/gitobserver/mntflashdrive64gbprojects_reposVarStreamServer/projectcode/sources/Shared/Libs/KwWebServer/sources/libs/TCPServer'...
[0m[0;34m[2025-02-23 13:02:33.089-0300][COMMAND_TRACE][gitobserver] Cloning into '/auto/pipelines/vss/run/workdata/gitobserver/mntflashdrive64gbprojects_reposVarStreamServer/projectcode/sources/Shared/Libs/KwWebServer/sources/libs/ThreadPool'...
[0m[0;34m[2025-02-23 13:02:33.848-0300][COMMAND_TRACE][gitobserver] Cloning into '/auto/pipelines/vss/run/workdata/gitobserver/mntflashdrive64gbprojects_reposVarStreamServer/projectcode/sources/Shared/Libs/KwWebServer/sources/libs/libs.json_maker'...
[0m[0;34m[2025-02-23 13:02:35.417-0300][COMMAND_TRACE][gitobserver] Submodule path 'sources/Shared/Libs/KwWebServer/sources/libs/TCPServer': checked out '8db0ce9a5c79f849633b26bef88b12e93194c272'
[0m[0;34m[2025-02-23 13:02:35.510-0300][COMMAND_TRACE][gitobserver] Submodule path 'sources/Shared/Libs/KwWebServer/sources/libs/ThreadPool': checked out 'ecba5b127847ef905bd95a78a3a56e614208ce9d'
[0m[0;34m[2025-02-23 13:02:35.604-0300][COMMAND_TRACE][gitobserver] Submodule path 'sources/Shared/Libs/KwWebServer/sources/libs/libs.json_maker': checked out '75a48dc6acfeeea4dc886c74ab7ddf35c296a597'
[0m[0;34m[2025-02-23 13:02:35.700-0300][COMMAND_TRACE][gitobserver] Submodule path 'sources/Shared/Libs/Logger': checked out '5b7081737b4a70826006f52ddbbd4408bfd1721d'
[0m[0;34m[2025-02-23 13:02:35.732-0300][COMMAND_TRACE][gitobserver] Submodule 'sources/common/libs/DynamicVar' (https://github.com/rafael-tonello/DynamicVar.git) registered for path 'sources/Shared/Libs/Logger/sources/common/libs/DynamicVar'
[0m[0;34m[2025-02-23 13:02:35.762-0300][COMMAND_TRACE][gitobserver] Submodule 'sources/common/libs/libs.json_maker' (https://github.com/rafael-tonello/libs.json_maker.git) registered for path 'sources/Shared/Libs/Logger/sources/common/libs/libs.json_maker'
[0m[0;34m[2025-02-23 13:02:35.789-0300][COMMAND_TRACE][gitobserver] Cloning into '/auto/pipelines/vss/run/workdata/gitobserver/mntflashdrive64gbprojects_reposVarStreamServer/projectcode/sources/Shared/Libs/Logger/sources/common/libs/DynamicVar'...
[0m[0;34m[2025-02-23 13:02:36.664-0300][COMMAND_TRACE][gitobserver] Cloning into '/auto/pipelines/vss/run/workdata/gitobserver/mntflashdrive64gbprojects_reposVarStreamServer/projectcode/sources/Shared/Libs/Logger/sources/common/libs/libs.json_maker'...
[0m[0;34m[2025-02-23 13:02:38.088-0300][COMMAND_TRACE][gitobserver] Submodule path 'sources/Shared/Libs/Logger/sources/common/libs/DynamicVar': checked out 'a3f9eb68d15afad8ba905e724ba2f5545dd8097b'
[0m[0;34m[2025-02-23 13:02:38.119-0300][COMMAND_TRACE][gitobserver] Submodule 'sources/common/libs.json_maker' (https://github.com/rafael-tonello/libs.json_maker.git) registered for path 'sources/Shared/Libs/Logger/sources/common/libs/DynamicVar/sources/common/libs.json_maker'
[0m[0;34m[2025-02-23 13:02:38.148-0300][COMMAND_TRACE][gitobserver] Cloning into '/auto/pipelines/vss/run/workdata/gitobserver/mntflashdrive64gbprojects_reposVarStreamServer/projectcode/sources/Shared/Libs/Logger/sources/common/libs/DynamicVar/sources/common/libs.json_maker'...
[0m[0;34m[2025-02-23 13:02:39.421-0300][COMMAND_TRACE][gitobserver] Submodule path 'sources/Shared/Libs/Logger/sources/common/libs/DynamicVar/sources/common/libs.json_maker': checked out 'd125ba6711ceaf95d192b08480e0cbf868b3b317'
[0m[0;34m[2025-02-23 13:02:39.518-0300][COMMAND_TRACE][gitobserver] Submodule path 'sources/Shared/Libs/Logger/sources/common/libs/libs.json_maker': checked out 'd125ba6711ceaf95d192b08480e0cbf868b3b317'
[0m[0;34m[2025-02-23 13:02:39.633-0300][COMMAND_TRACE][gitobserver] Submodule path 'sources/Shared/Libs/TCPServer': checked out '8db0ce9a5c79f849633b26bef88b12e93194c272'
[0m[0;34m[2025-02-23 13:02:39.723-0300][COMMAND_TRACE][gitobserver] Submodule path 'sources/Shared/Libs/ThreadPool': checked out 'ecba5b127847ef905bd95a78a3a56e614208ce9d'
[0m[0;34m[2025-02-23 13:02:39.814-0300][COMMAND_TRACE][gitobserver] Submodule path 'sources/Shared/Libs/json_maker': checked out 'ff043e95bb58b4e77f89cc98ac86354d2fd2e379'
[0m[0;34m[2025-02-23 13:02:39.859-0300][COMMAND_TRACE][gitobserver] Fetching origin
[0m[0;33m[2025-02-23 13:02:39.952-0300][WARNING][gitobserver] The repository was just cloned. Only the last commit will be sent to the observers
[0m[2025-02-23 13:02:40.037-0300][INFO][gitobserver] Emitting onCommit event for commit dcc4be65dd7494c34a3521beaa74e5ea31d6b45a (message Changes HTTPAPI to use ThreadPool from DependencyInjection system, author Rafael Tonello, date Sun Feb 23 13:52:04 2025 -0300)
[0m[0;33m[2025-02-23 13:02:40.143-0300][WARNING][gitobserver] The repository was just cloned. Only the last tag will be sent to the observers
[0m[0;35m[2025-02-23 13:02:40.228-0300][DEBUG][gitobserver] Emitting onTag event for tag v1.3.0+Veruna (commit dcc4be65dd7494c34a3521beaa74e5ea31d6b45a, message Changes HTTPAPI to use ThreadPool from DependencyInjection system, author Rafael Tonello, date Sun Feb 23 13:52:04 2025 -0300)
[0m[2025-02-23 13:02:40.254-0300][INFO][deploy-system] New tag: v1.3.0+Veruna. Enqueueing the tag to be processed
[0m-------------------------- enqueuing gittag
[0;33m[2025-02-23 13:02:40.634-0300][WARNING][gitobserver] The repository was just cloned. Only events for MAIN, MASTER and DEVELOP branches will be sent to the observers
[0mevaluating 25883 >= 5000
firing
[2025-02-23 13:02:43.136-0300][INFO][deploy-system] checking out to tag [v1.3.0+Veruna]
[0m[2025-02-23 13:02:43.168-0300][INFO][deploy-system/VssHelper] Removing the project directory: /auto/pipelines/vss/run/workdata/VssProjectHelper/projectCode
[0m[2025-02-23 13:02:43.206-0300][INFO][deploy-system/VssHelper] Cloning the project repository
[0m[2025-02-23 13:02:43.650-0300][INFO][deploy-system/VssHelper] Cloning project /mnt/flashdrive64gb/projects_repos/VarStreamServer to the directory: /auto/pipelines/vss/run/workdata/VssProjectHelper/projectCode
[0m[0;35m[2025-02-23 13:02:43.680-0300][DEBUG][deploy-system/VssHelper] running 'command git clone --recursive "/mnt/flashdrive64gb/projects_repos/VarStreamServer" "/auto/pipelines/vss/run/workdata/VssProjectHelper/projectCode" > "/auto/pipelines/vss/run/workdata/VssProjectHelper/gitclone.log" 2>&1
[0mwait for called with args anonimousFunction_20 anonimousFunction_21
milisseconds: 500.0
evaluating 25883 >= 120000
evaluating -2048 >= 500
[0;35m[2025-02-23 13:02:45.829-0300][DEBUG][gitobserver] Checking branch develop
[0m[0;35m[2025-02-23 13:02:45.865-0300][DEBUG][gitobserver] Branch develop is a valid branch to be processed
[0m[0;35m[2025-02-23 13:02:45.920-0300][DEBUG][gitobserver] Emitting onNewBranch event for commit develop
[0m[0;34m[2025-02-23 13:02:46.287-0300][COMMAND_TRACE][gitobserver] Switched to a new branch 'develop'
[0m[0;34m[2025-02-23 13:02:46.318-0300][COMMAND_TRACE][gitobserver] Branch 'develop' set up to track remote branch 'develop' from 'origin'.
[0m[0;34m[2025-02-23 13:02:46.415-0300][COMMAND_TRACE][gitobserver] Already up to date.
[0m[0;33m[2025-02-23 13:02:46.513-0300][WARNING][gitobserver] The repository was just cloned. Only the last commit will be sent to the observers
[0m[0;35m[2025-02-23 13:02:46.629-0300][DEBUG][gitobserver] Checking branch main
[0m[0;35m[2025-02-23 13:02:46.665-0300][DEBUG][gitobserver] Branch main is a valid branch to be processed
[0m[0;35m[2025-02-23 13:02:46.722-0300][DEBUG][gitobserver] Emitting onNewBranch event for commit main
[0m[0;34m[2025-02-23 13:02:46.944-0300][COMMAND_TRACE][gitobserver] Switched to branch 'main'
[0m[0;34m[2025-02-23 13:02:46.975-0300][COMMAND_TRACE][gitobserver] Your branch is up to date with 'origin/main'.
[0m[0;34m[2025-02-23 13:02:47.062-0300][COMMAND_TRACE][gitobserver] Already up to date.
[0m[0;33m[2025-02-23 13:02:47.138-0300][WARNING][gitobserver] The repository was just cloned. Only the last commit will be sent to the observers
[0m[2025-02-23 13:02:47.527-0300][INFO][gitobserver] New commits in branch main. Last commit is dcc4be65dd7494c34a3521beaa74e5ea31d6b45a. Enqueueing the commit to be processed
[0m[0;35m[2025-02-23 13:02:47.600-0300][DEBUG][gitobserver] Emitting onBranchNewCommits (2) event for branch main
[0m[2025-02-23 13:02:47.723-0300][INFO][deploy-system] New commits in branch main. Last commit is dcc4be65dd7494c34a3521beaa74e5ea31d6b45a. Enqueueing the commit to be processed
[0m----------------------------- enqueuing gitcommit
evaluating 8160 >= 5000
firing
evaluating 34043 >= 120000
evaluating 6112 >= 500
firing
running periodically
evaluating anonimousFunction_20
finished
evaluating 1045 >= 5000
evaluating 35088 >= 120000
evaluating 1045 >= 500
firing
running periodically
evaluating anonimousFunction_20
finished
evaluating 2087 >= 5000
evaluating 36130 >= 120000
evaluating 1042 >= 500
firing
running periodically
evaluating anonimousFunction_20
finished
evaluating 3128 >= 5000
evaluating 37171 >= 120000
evaluating 1041 >= 500
firing
running periodically
evaluating anonimousFunction_20
finished
evaluating 4168 >= 5000
evaluating 38211 >= 120000
evaluating 1040 >= 500
firing
running periodically
evaluating anonimousFunction_20
finished
evaluating 5210 >= 5000
firing
evaluating 39253 >= 120000
evaluating 1042 >= 500
firing
running periodically
evaluating anonimousFunction_20
finished
evaluating 1042 >= 5000
evaluating 40295 >= 120000
evaluating 1042 >= 500
firing
running periodically
evaluating anonimousFunction_20
finished
evaluating 2086 >= 5000
evaluating 41339 >= 120000
evaluating 1044 >= 500
firing
running periodically
evaluating anonimousFunction_20
finished
evaluating 3150 >= 5000
evaluating 42403 >= 120000
evaluating 1064 >= 500
firing
running periodically
evaluating anonimousFunction_20
finished
evaluating 4189 >= 5000
evaluating 43442 >= 120000
evaluating 1039 >= 500
firing
running periodically
evaluating anonimousFunction_20
finished
evaluating 5248 >= 5000
firing
evaluating 44501 >= 120000
evaluating 1059 >= 500
firing
running periodically
evaluating anonimousFunction_20
finished
evaluating 1089 >= 5000
evaluating 45590 >= 120000
evaluating 1089 >= 500
firing
running periodically
evaluating anonimousFunction_20
finished
evaluating 2133 >= 5000
evaluating 46634 >= 120000
evaluating 1044 >= 500
firing
running periodically
evaluating anonimousFunction_20
finished
evaluating 3173 >= 5000
evaluating 47674 >= 120000
evaluating 1040 >= 500
firing
running periodically
evaluating anonimousFunction_20
finished
evaluating 4212 >= 5000
evaluating 48713 >= 120000
evaluating 1039 >= 500
firing
running periodically
evaluating anonimousFunction_20
finished
evaluating 5251 >= 5000
firing
evaluating 49752 >= 120000
evaluating 1039 >= 500
firing
running periodically
evaluating anonimousFunction_20
finished
evaluating 1041 >= 5000
evaluating 50793 >= 120000
evaluating 1041 >= 500
firing
running periodically
evaluating anonimousFunction_20
finished
evaluating 2096 >= 5000
evaluating 51848 >= 120000
evaluating 1055 >= 500
firing
running periodically
evaluating anonimousFunction_20
finished
evaluating 3152 >= 5000
evaluating 52904 >= 120000
evaluating 1056 >= 500
firing
running periodically
evaluating anonimousFunction_20
finished
condition is true
[2025-02-23 13:02:08.771-0300][INFO][deploy-system/VssHelper] Project cloned successfully
[0m[2025-02-23 13:02:08.911-0300][INFO][deploy-system/VssHelper] Checking out the project to the branch/tag: v1.3.0+Veruna
[0mwait for called with args anonimousFunction_31 anonimousFunction_32
milisseconds: 500.0
[2025-02-23 13:02:09.019-0300][INFO][deploy-system/VssHelper] checking out the branch/tag: [v1.3.0+Veruna]
[0mevaluating 4483 >= 5000
evaluating 54235 >= 120000
evaluating 1082 >= 500
firing
running periodically
evaluating anonimousFunction_31
finished
condition is true
[2025-02-23 13:02:10.143-0300][INFO][deploy-system] New tag (v1.3.0+Veruna) pushed to the repository. Running CD pipe for the commit: dcc4be65dd7494c34a3521beaa74e5ea31d6b45a
[0mevaluating 9649 >= 5000
firing
evaluating 59401 >= 120000
[2025-02-23 13:02:15.254-0300][INFO][deploy-system] running stage '1) Build tests'
[0m[2025-02-23 13:02:16.316-0300][INFO][deploy-system/VssHelper] ----- [ Making tests ] -----
[0m[2025-02-23 13:02:16.354-0300][INFO][deploy-system/VssHelper] calling make all with nice -n 19
[0mmilisseconds: 1000
evaluating 2248 >= 5000
evaluating 61649 >= 120000
evaluating 1058 >= 1000
firing
evaluating 3284 >= 5000
evaluating 62685 >= 120000
evaluating 1036 >= 1000
firing
evaluating 4318 >= 5000
evaluating 63719 >= 120000
evaluating 1034 >= 1000
firing
evaluating 5352 >= 5000
firing
evaluating 64753 >= 120000
evaluating 1034 >= 1000
firing
evaluating 1031 >= 5000
evaluating 65784 >= 120000
evaluating 1031 >= 1000
firing
evaluating 2064 >= 5000
evaluating 66817 >= 120000
evaluating 1033 >= 1000
firing
evaluating 3099 >= 5000
evaluating 67852 >= 120000
evaluating 1035 >= 1000
firing
evaluating 4135 >= 5000
evaluating 68888 >= 120000
evaluating 1036 >= 1000
firing
evaluating 5171 >= 5000
firing
evaluating 69924 >= 120000
evaluating 1036 >= 1000
firing
evaluating 1036 >= 5000
evaluating 70960 >= 120000
evaluating 1036 >= 1000
firing
evaluating 2071 >= 5000
evaluating 71995 >= 120000
evaluating 1035 >= 1000
firing
evaluating 3107 >= 5000
evaluating 73031 >= 120000
evaluating 1036 >= 1000
firing
evaluating 4144 >= 5000
evaluating 74068 >= 120000
evaluating 1037 >= 1000
firing
evaluating 5180 >= 5000
firing
evaluating 75104 >= 120000
evaluating 1036 >= 1000
firing
evaluating 1036 >= 5000
evaluating 76140 >= 120000
evaluating 1036 >= 1000
firing
evaluating 2072 >= 5000
evaluating 77176 >= 120000
evaluating 1036 >= 1000
firing
evaluating 3107 >= 5000
evaluating 78211 >= 120000
evaluating 1035 >= 1000
firing
evaluating 4141 >= 5000
evaluating 79245 >= 120000
evaluating 1034 >= 1000
firing
evaluating 5175 >= 5000
firing
evaluating 80279 >= 120000
evaluating 1034 >= 1000
firing
evaluating 1036 >= 5000
evaluating 81315 >= 120000
evaluating 1036 >= 1000
firing
evaluating 2077 >= 5000
evaluating 82356 >= 120000
evaluating 1041 >= 1000
firing
evaluating 3127 >= 5000
evaluating 83406 >= 120000
evaluating 1050 >= 1000
firing
evaluating 4173 >= 5000
evaluating 84452 >= 120000
evaluating 1046 >= 1000
firing
evaluating 5209 >= 5000
firing
evaluating 85488 >= 120000
evaluating 1036 >= 1000
firing
evaluating 1037 >= 5000
evaluating 86525 >= 120000
evaluating 1037 >= 1000
firing
evaluating 2073 >= 5000
evaluating 87561 >= 120000
evaluating 1036 >= 1000
firing
evaluating 3108 >= 5000
evaluating 88596 >= 120000
evaluating 1035 >= 1000
firing
evaluating 4144 >= 5000
evaluating 89632 >= 120000
evaluating 1036 >= 1000
firing
evaluating 5179 >= 5000
firing
evaluating 90667 >= 120000
evaluating 1035 >= 1000
firing
evaluating 1035 >= 5000
evaluating 91702 >= 120000
evaluating 1035 >= 1000
firing
evaluating 2071 >= 5000
evaluating 92738 >= 120000
evaluating 1036 >= 1000
firing
evaluating 3108 >= 5000
evaluating 93775 >= 120000
evaluating 1037 >= 1000
firing
evaluating 4146 >= 5000
evaluating 94813 >= 120000
evaluating 1038 >= 1000
firing
evaluating 5186 >= 5000
firing
evaluating 95853 >= 120000
evaluating 1040 >= 1000
firing
evaluating 1037 >= 5000
evaluating 96890 >= 120000
evaluating 1037 >= 1000
firing
evaluating 2074 >= 5000
evaluating 97927 >= 120000
evaluating 1037 >= 1000
firing
evaluating 3109 >= 5000
evaluating 98962 >= 120000
evaluating 1035 >= 1000
firing
evaluating 4145 >= 5000
evaluating 99998 >= 120000
evaluating 1036 >= 1000
firing
evaluating 5182 >= 5000
firing
evaluating 101035 >= 120000
evaluating 1037 >= 1000
firing
evaluating 1036 >= 5000
evaluating 102071 >= 120000
evaluating 1036 >= 1000
firing
evaluating 2071 >= 5000
evaluating 103106 >= 120000
evaluating 1035 >= 1000
firing
evaluating 3106 >= 5000
evaluating 104141 >= 120000
evaluating 1035 >= 1000
firing
evaluating 4141 >= 5000
evaluating 105176 >= 120000
evaluating 1035 >= 1000
firing
evaluating 5177 >= 5000
firing
evaluating 106212 >= 120000
evaluating 1036 >= 1000
firing
evaluating 1038 >= 5000
evaluating 107250 >= 120000
evaluating 1038 >= 1000
firing
evaluating 2078 >= 5000
evaluating 108290 >= 120000
evaluating 1040 >= 1000
firing
evaluating 3113 >= 5000
evaluating 109325 >= 120000
evaluating 1035 >= 1000
firing
evaluating 4147 >= 5000
evaluating 110359 >= 120000
evaluating 1034 >= 1000
firing
evaluating 5182 >= 5000
firing
evaluating 111394 >= 120000
evaluating 1035 >= 1000
firing
evaluating 1036 >= 5000
evaluating 112430 >= 120000
evaluating 1036 >= 1000
firing
evaluating 2072 >= 5000
evaluating 113466 >= 120000
evaluating 1036 >= 1000
firing
evaluating 3108 >= 5000
evaluating 114502 >= 120000
evaluating 1036 >= 1000
firing
evaluating 4146 >= 5000
evaluating 115540 >= 120000
evaluating 1038 >= 1000
firing
evaluating 5183 >= 5000
firing
evaluating 116577 >= 120000
evaluating 1037 >= 1000
firing
evaluating 1037 >= 5000
evaluating 117614 >= 120000
evaluating 1037 >= 1000
firing
evaluating 2075 >= 5000
evaluating 118652 >= 120000
evaluating 1038 >= 1000
firing
evaluating 3110 >= 5000
evaluating 119687 >= 120000
evaluating 1035 >= 1000
firing
evaluating 4145 >= 5000
evaluating 120722 >= 120000
firing
[2025-02-23 13:02:16.566-0300][INFO][gitobserver] checking folder /auto/pipelines/vss/run/workdata/gitobserver/mntflashdrive64gbprojects_reposVarStreamServer/projectcode/.git
[0m[0;34m[2025-02-23 13:02:16.618-0300][COMMAND_TRACE][gitobserver] Fetching origin
[0mevaluating 1035 >= 1000
firing
[0;35m[2025-02-23 13:02:17.036-0300][DEBUG][gitobserver] Checking branch develop
[0m[0;35m[2025-02-23 13:02:17.074-0300][DEBUG][gitobserver] Branch develop is a valid branch to be processed
[0m[0;34m[2025-02-23 13:02:17.396-0300][COMMAND_TRACE][gitobserver] Switched to branch 'develop'
[0m[0;34m[2025-02-23 13:02:17.436-0300][COMMAND_TRACE][gitobserver] Your branch is up to date with 'origin/develop'.
[0m[0;34m[2025-02-23 13:02:17.559-0300][COMMAND_TRACE][gitobserver] Already up to date.
[0m[0;35m[2025-02-23 13:02:18.300-0300][DEBUG][gitobserver] Checking branch main
[0m[0;35m[2025-02-23 13:02:18.337-0300][DEBUG][gitobserver] Branch main is a valid branch to be processed
[0m[0;34m[2025-02-23 13:02:18.734-0300][COMMAND_TRACE][gitobserver] Switched to branch 'main'
[0m[0;34m[2025-02-23 13:02:18.776-0300][COMMAND_TRACE][gitobserver] Your branch is up to date with 'origin/main'.
[0m[0;34m[2025-02-23 13:02:18.882-0300][COMMAND_TRACE][gitobserver] Already up to date.
[0mevaluating 319990 >= 5000
firing
evaluating 315845 >= 120000
firing
[2025-02-23 14:02:32.414-0300][INFO][gitobserver] checking folder /auto/pipelines/vss/run/workdata/gitobserver/mntflashdrive64gbprojects_reposVarStreamServer/projectcode/.git
[0m[0;34m[2025-02-23 14:02:32.469-0300][COMMAND_TRACE][gitobserver] Fetching origin
[0mevaluating 315845 >= 1000
firing
[0;35m[2025-02-23 14:02:32.902-0300][DEBUG][gitobserver] Checking branch develop
[0m[0;35m[2025-02-23 14:02:32.945-0300][DEBUG][gitobserver] Branch develop is a valid branch to be processed
[0m[0;34m[2025-02-23 14:02:34.776-0300][COMMAND_TRACE][gitobserver] Switched to branch 'develop'
[0m[0;34m[2025-02-23 14:02:34.818-0300][COMMAND_TRACE][gitobserver] Your branch is up to date with 'origin/develop'.
[0m[0;34m[2025-02-23 14:02:34.930-0300][COMMAND_TRACE][gitobserver] Already up to date.
[0m[0;35m[2025-02-23 14:02:37.982-0300][DEBUG][gitobserver] Checking branch main
[0m[0;35m[2025-02-23 14:02:38.021-0300][DEBUG][gitobserver] Branch main is a valid branch to be processed
[0m[0;34m[2025-02-23 14:02:41.269-0300][COMMAND_TRACE][gitobserver] Switched to branch 'main'
[0m[0;34m[2025-02-23 14:02:41.315-0300][COMMAND_TRACE][gitobserver] Your branch is up to date with 'origin/main'.
[0m[0;34m[2025-02-23 14:02:41.426-0300][COMMAND_TRACE][gitobserver] Already up to date.
[0mevaluating 316554 >= 5000
firing
evaluating 316554 >= 120000
firing
[2025-02-23 14:02:48.971-0300][INFO][gitobserver] checking folder /auto/pipelines/vss/run/workdata/gitobserver/mntflashdrive64gbprojects_reposVarStreamServer/projectcode/.git
[0m[0;34m[2025-02-23 14:02:49.033-0300][COMMAND_TRACE][gitobserver] Fetching origin
[0mevaluating 316554 >= 1000
firing
[0;35m[2025-02-23 14:02:49.600-0300][DEBUG][gitobserver] Checking branch develop
[0m[0;35m[2025-02-23 14:02:49.647-0300][DEBUG][gitobserver] Branch develop is a valid branch to be processed
[0m[0;34m[2025-02-23 14:02:51.700-0300][COMMAND_TRACE][gitobserver] Switched to branch 'develop'
[0m[0;34m[2025-02-23 14:02:51.748-0300][COMMAND_TRACE][gitobserver] Your branch is up to date with 'origin/develop'.
[0m[0;34m[2025-02-23 14:02:51.870-0300][COMMAND_TRACE][gitobserver] Already up to date.
[0m[0;35m[2025-02-23 14:02:55.115-0300][DEBUG][gitobserver] Checking branch main
[0m[0;35m[2025-02-23 14:02:55.155-0300][DEBUG][gitobserver] Branch main is a valid branch to be processed
[0m[0;34m[2025-02-23 14:02:58.321-0300][COMMAND_TRACE][gitobserver] Switched to branch 'main'
[0m[0;34m[2025-02-23 14:02:58.366-0300][COMMAND_TRACE][gitobserver] Your branch is up to date with 'origin/main'.
[0m[0;34m[2025-02-23 14:02:58.484-0300][COMMAND_TRACE][gitobserver] Already up to date.
[0mevaluating 331079 >= 5000
firing
evaluating 331079 >= 120000
firing
[2025-02-23 14:02:20.045-0300][INFO][gitobserver] checking folder /auto/pipelines/vss/run/workdata/gitobserver/mntflashdrive64gbprojects_reposVarStreamServer/projectcode/.git
[0m[0;34m[2025-02-23 14:02:20.093-0300][COMMAND_TRACE][gitobserver] Fetching origin
[0mevaluating 331079 >= 1000
firing
[2025-02-23 14:02:20.939-0300][INFO][deploy-system/VssHelper] command 'make all (on tests project)' finished
[0m[0;35m[2025-02-23 14:02:21.006-0300][DEBUG][gitobserver] Checking branch develop
[0m[0;35m[2025-02-23 14:02:21.042-0300][DEBUG][gitobserver] Branch develop is a valid branch to be processed
[0m[0;34m[2025-02-23 14:02:21.750-0300][COMMAND_TRACE][gitobserver] Switched to branch 'develop'
[0m[0;34m[2025-02-23 14:02:21.786-0300][COMMAND_TRACE][gitobserver] Your branch is up to date with 'origin/develop'.
[0m[0;34m[2025-02-23 14:02:21.877-0300][COMMAND_TRACE][gitobserver] Already up to date.
[0m[0;35m[2025-02-23 14:02:23.295-0300][DEBUG][gitobserver] Checking branch main
[0m[0;35m[2025-02-23 14:02:23.328-0300][DEBUG][gitobserver] Branch main is a valid branch to be processed
[0m[0;34m[2025-02-23 14:02:24.781-0300][COMMAND_TRACE][gitobserver] Switched to branch 'main'
[0m[0;34m[2025-02-23 14:02:24.818-0300][COMMAND_TRACE][gitobserver] Your branch is up to date with 'origin/main'.
[0m[0;34m[2025-02-23 14:02:24.911-0300][COMMAND_TRACE][gitobserver] Already up to date.
[0m[2025-02-23 14:02:25.357-0300][INFO][deploy-system] running stage '2) Run tests'
[0m[2025-02-23 14:02:27.078-0300][INFO][deploy-system/VssHelper] ----- [ Running tests ] -----
[0m[2025-02-23 14:02:27.133-0300][INFO][deploy-system/VssHelper] calling ./tests
[0m[0;35m[2025-02-23 14:02:27.177-0300][DEBUG][deploy-system/VssHelper] running (nice -n 19 ./tests > tests.log 2>&1; echo 0 > "/auto/pipelines/vss/run/workdata/VssProjectHelper/runTestsDone") &
[0m[0;35m[2025-02-23 14:02:27.221-0300][DEBUG][deploy-system/VssHelper] Now, is time to wait for the tests
[0mwait for called with args anonimousFunction_25 anonimousFunction_26 timeoutseconds checkIntervalSeconds
milisseconds: 
evaluating 157698 >= 5000
firing
evaluating 157698 >= 120000
firing
[2025-02-23 14:02:57.744-0300][INFO][gitobserver] checking folder /auto/pipelines/vss/run/workdata/gitobserver/mntflashdrive64gbprojects_reposVarStreamServer/projectcode/.git
[0m[0;34m[2025-02-23 14:02:57.792-0300][COMMAND_TRACE][gitobserver] Fetching origin
[0mevaluating 150419 >= 0
firing
running periodically
evaluating anonimousFunction_25
finished
condition is true
[2025-02-23 14:02:58.155-0300][INFO][deploy-system/VssHelper] command './tests' finished
[0m[2025-02-23 14:02:58.202-0300][INFO][deploy-system/VssHelper] tests.log content:
[0m[2025-02-23 14:02:58.252-0300][INFO][deploy-system/VssHelper] Teste valor: teste
                                                              Test results:
                                                                  Context APIs.VSTP:
                                                                  Context Shared.DependencyInjection:
                                                              [0;33m        Tests using types[0m
                                                              [0;32m        [✔]'Test1.testCalled should be true and Test2.testCalled should be false' PASSED: 
                                                                          Expected 'true, false'
                                                                          Received 'true, false'[0m
                                                              [0;32m        [✔]'Test1.testCalled and Test2.testCalled should be true' PASSED: 
                                                                          Expected 'true, true'
                                                                          Received 'true, true'[0m
                                                              [0;32m        [✔]'Test3.aCount should be 5' PASSED: 
                                                                          Expected '5'
                                                                          Received '5'[0m
                                                              [0;32m        [✔]'Test4.aCount should be 0' PASSED: 
                                                                          Expected '0'
                                                                          Received '0'[0m
                                                              [0;32m        [✔]'ITest5 should be NULL before the first get' PASSED: 
                                                                          Expected 'NULL'
                                                                          Received 'NULL'[0m
                                                              [0;32m        [✔]'ITest5 should be valid after the first get' PASSED: 
                                                                          Expected '&intance=[a valid address]'
                                                                          Received '&instance=636100768'[0m
                                                              [0;32m        [✔]'ITest5_types(singleton mode) should only have one instance' PASSED: 
                                                                          Expected '1'
                                                                          Received '1'[0m
                                                              [0;33m        Tests using names[0m
                                                              [0;32m        [✔]'test1instance.testCalled should be true and test2instance.testCalled should be false' PASSED: 
                                                                          Expected 'true, false'
                                                                          Received 'true, false'[0m
                                                              [0;32m        [✔]'test1instance.testCalled and test2instance.testCalled should be true' PASSED: 
                                                                          Expected 'true, true'
                                                                          Received 'true, true'[0m
                                                              [0;32m        [✔]'Test1.aCount should be 5' PASSED: 
                                                                          Expected '5'
                                                                          Received '5'[0m
                                                              [0;32m        [✔]'test1multinstance.aCount should be 0' PASSED: 
                                                                          Expected '0'
                                                                          Received '0'[0m
                                                              [0;32m        [✔]'test1onDemandSingleton should be NULL before the first get' PASSED: 
                                                                          Expected 'NULL'
                                                                          Received 'NULL'[0m
                                                              [0;32m        [✔]'test1onDemandSingleton should be valid after the first get' PASSED: 
                                                                          Expected '&intance=[a valid address]'
                                                                          Received '&instance=636101728'[0m
                                                              [0;32m        [✔]'test1onDemandSingleton should only one instance' PASSED: 
                                                                          Expected '1'
                                                                          Received '1'[0m
                                                                  Context Confs.SimpleConfFileProvider:
                                                              [0;32m        [✔]'SimpleConfFileProvider::ltrim should remove invalid chars (test 1)' PASSED[0m
                                                              [0;32m        [✔]'SimpleConfFileProvider::ltrim should remove invalid chars (test 2)' PASSED[0m
                                                              [0;32m        [✔]'SimpleConfFileProvider::ltrim should remove invalid chars (test 3)' PASSED[0m
                                                              [0;32m        [✔]'SimpleConfFileProvider::rtrim should remove invalid chars (test 1)' PASSED[0m
                                                              [0;32m        [✔]'SimpleConfFileProvider::rtrim should remove invalid chars (test 2)' PASSED[0m
                                                              [0;32m        [✔]'SimpleConfFileProvider::rtrim should remove invalid chars (test 3)' PASSED[0m
                                                              [0;32m        [✔]'SimpleConfFileProvider::identifyKeyValueSeparator should detect the separator (test 1)' PASSED[0m
                                                              [0;32m        [✔]'SimpleConfFileProvider::identifyKeyValueSeparator should detect the separator (test 2)' PASSED[0m
                                                              [0;32m        [✔]'SimpleConfFileProvider::identifyKeyValueSeparator should not detect a valid separator' PASSED[0m
                                                              [0;32m        [✔]'SimpleConfFileProvider::identifyKeyValueSeparator should not detect a valid separator' PASSED[0m
                                                              [0;32m        [✔]'Only 5 configurations should be loaded' PASSED: 
                                                                          Expected '5'
                                                                          Received '5'[0m
                                                              [0;32m        [✔]'Configurations names should have 4 chars of size' PASSED: 
                                                                          Expected 'key1: 4, key2: 4, key3: 4, key4: 4, key5: 4'
                                                                          Received 'key1: 4, key2: 4, key3: 4, key4: 4, key5: 4'[0m
                                                              [0;32m        [✔]'Configurations values should have 6 chars of size' PASSED: 
                                                                          Expected 'value1: 6, value2: 6, value3: 6, value4: 6, value5: 6'
                                                                          Received 'value1: 6, value2: 6, value3: 6, value4: 6, value5: 6'[0m
                                                              [0;32m        [✔]'conf1 and conf2 should have the values "value1" and "value2"' PASSED: 
                                                                          Expected 'value1, value2'
                                                                          Received 'value1, value2'[0m
                                                              [0;32m        [✔]'conf1 and conf2 should have the values "value1" and "value2_changed"' PASSED: 
                                                                          Expected 'value1, value2_changed'
                                                                          Received 'value1, value2_changed'[0m
                                                              [0;32m        [✔]'conf1 and conf2 should have the values "value1_changed" and "value2"' PASSED: 
                                                                          Expected 'value1_changed, value2'
                                                                          Received 'value1_changed, value2'[0m
                                                              [0;32m        [✔]'conf1 and conf2 should have the values "value1_changed" and "value2_changed"' PASSED: 
                                                                          Expected 'value1_changed, value2_changed'
                                                                          Received 'value1_changed, value2_changed'[0m
                                                                  Context Confs:
                                                                  Context Controller.ClientHelper:
                                                              Storging API id tempApiId for the client clientTestId
                                                              [0;32m        [✔]'Database structure - CientId' PASSED: 
                                                                          Expected '0'
                                                                          Received '0'[0m
                                                              [0;32m        [✔]'Database structure - ApiId' PASSED: 
                                                                          Expected 'tempApiId'
                                                                          Received 'tempApiId'[0m
                                                              [0;32m        [✔]'Database structure - List count' PASSED: 
                                                                          Expected '1'
                                                                          Received '1'[0m
                                                              [0;32m        [✔]'Database structure - Id on list' PASSED: 
                                                                          Expected 'clientTestId'
                                                                          Received 'clientTestId'[0m
                                                              [0;32m        [✔]'ClientHelper::getClientId sould return the correct client id' PASSED: 
                                                                          Expected 'clientTestId'
                                                                          Received 'clientTestId'[0m
                                                              [0;32m        [✔]'ClientHelper::notify sould send the client id to the API' PASSED: 
                                                                          Expected 'clientTestId'
                                                                          Received 'clientTestId'[0m
                                                              [0;32m        [✔]'ClientHelper::notify sould send 'varname=varValue' to the API' PASSED: 
                                                                          Expected 'varname=varValue'
                                                                          Received 'varname=varValue'[0m
                                                              [0;32m        [✔]'If updateLastLiveTime is not called, lastLiveTime should not change' PASSED: 
                                                                          Expected 'equal values'
                                                                          Received 'equal values'[0m
                                                              [0;32m        [✔]'If updateLastLiveTime is called, lastLiveTime should be changed' PASSED: 
                                                                          Expected 'different values'
                                                                          Received 'different values'[0m
                                                              [0;32m        [✔]'If client not send or receive any data, lastLiveTime should not change' PASSED: 
                                                                          Expected 'equal values'
                                                                          Received 'equal values'[0m
                                                              [0;32m        [✔]'If any data is exchanged , lastLiveTime should not change' PASSED: 
                                                                          Expected 'different values'
                                                                          Received 'different values'[0m
                                                              [0;32m        [✔]'If client is not active, timeSinceLastLiveTime should increase' PASSED[0m
                                                              [0;32m        [✔]'if client is active, timeSinceLastLiveTime counter should be restarted' PASSED[0m
                                                              [0;32m        [✔]'isConnected should result false if api return connection error' PASSED[0m
                                                              [0;32m        [✔]'isConnected should result true if api return success' PASSED[0m
                                                              [0;32m        [✔]'registerNewObservation must reset liveTime' PASSED[0m
                                                              [0;32m        [✔]'registerNewObservation should increase internal list count' PASSED[0m
                                                              [0;32m        [✔]'registerNewObservation should create internal list item' PASSED: 
                                                                          Expected 'mustincreate.internallist.item'
                                                                          Received 'mustincreate.internallist.item'[0m
                                                              [0;32m        [✔]'ClientHelper::getObservingVars sould return the correct var list' PASSED: 
                                                                          Expected 'mustreset.livetime mustincreate.internalcounter mustincreate.internallist.item another.observation.var '
                                                                          Received 'mustreset.livetime mustincreate.internalcounter mustincreate.internallist.item another.observation.var '[0m
                                                              [0;32m        [✔]'unregisterObservation should decrease internal counter' PASSED: 
                                                                          Expected '< 6'
                                                                          Received '5'[0m
                                                              [0;32m        [✔]'unregisterObservation should remove a previus added observer' PASSED[0m
                                                              [0;32m        [✔]'unregisterObservation should not remove another vars' PASSED[0m
                                                              [0;32m        [✔]'unregisterObservation should do nothing if deleting a previus deleted var' PASSED: 
                                                                          Expected '5'
                                                                          Received '5'[0m
                                                              [0;32m        [✔]'unregisterObservation should do nothing if deleting a not existing var' PASSED: 
                                                                          Expected '5'
                                                                          Received '5'[0m
                                                              [0;32m        [✔]'ClientHelper::removeClientFromObservationSystem sould remove internal counter' PASSED[0m
                                                              [0;32m        [✔]'ClientHelper::removeClientFromObservationSystem sould remove variable lists' PASSED: 
                                                                          Expected ''
                                                                          Received ''[0m
                                                              [0;32m        [✔]'ClientHelper::removeClientFromObservationSystem should decrease client list size' PASSED: 
                                                                          Expected '0'
                                                                          Received '0'[0m
                                                              [0;32m        [✔]'ClientHelper::removeClientFromObservationSystem should remove client from client byId list' PASSED: 
                                                                          Expected 'not found'
                                                                          Received 'not found'[0m
                                                              [0;32m        [✔]'ClientHelper::removeClientFromObservationSystem should remove client from client list' PASSED[0m
                                                                  Context Controller.VarHelper:
                                                              [0;33m        setFlag and getFlag[0m
                                                              [0;32m        [✔]'Show create internal flag' PASSED[0m
                                                              [0;32m        [✔]'getFlag should return the value 'aValue'' PASSED: 
                                                                          Expected 'aValue'
                                                                          Received 'aValue'[0m
                                                              [0;33m        lock, unlock and isLocked[0m
                                                              [0;32m        [✔]'lock should create the lock flag in the databse' PASSED: 
                                                                          Expected '1'
                                                                          Received '1'[0m
                                                              				[] Locking var vars.the.var.name
                                                              				[] Locking var vars.the.var.name
                                                              [0;32m        [✔]'lock should wait another locking to return' PASSED: 
                                                                          Expected '>=500 ms and <=515 ms (bet 500 and 510 ±5)'
                                                                          Received '508 ms'[0m
                                                              				[] Locking var vars.the.var.name[0;32m
                                                              				[] UnLocking var vars.the.var.name
                                                                      [✔]'unlock should set the lock flag in the databse with the value 0' PASSED: 
                                                                          Expected '0'
                                                                          Received '0'[0m
                                                              				[] UnLocking var vars.the.var.name
                                                              [0;32m        [✔]'unlock should do nothing to a unlocked var' PASSED: 
                                                                          Expected '0'
                                                                          Received '0'[0m
                                                              [0;32m        [✔]'isLocked should return 'true' if variable is locked' PASSED: 
                                                                          Expected 'true'
                                                                          Received 'true'[0m
                                                              [0;32m        [✔]'isLocked should return 'false' if variable is not locked' PASSED: 
                                                                          Expected 'false'
                                                                          Received 'false'[0m
                                                              [0;33m        setValue, getValue and deleteValueFromDB[0m
                                                              [0;32m        [✔]'setValue method should create correct database key and value' PASSED: 
                                                                          Expected 'test value'
                                                                          Received 'test value'[0m
                                                              [0;32m        [✔]'				[setValue can't work if the var name contains a wildcard ('*')TheController' PASSED: 
                                                                          Expected '--not found--'
                                                                          Received '--not found--'] Invalid setVar parameter. A variable with '*' can't be set[0m
                                                              
                                                              [0;32m        [✔]'getValue should return the correct value ('test value' string)' PASSED: 
                                                                          Expected 'test value'
                                                                          Received 'test value'[0m
                                                              [0;32m        [✔]'getValue should return nothing if variable not exist in the db' PASSED: 
                                                                          Expected '--not found--'
                                                                          Received '--not found--'[0m
                                                              [0;32m        [✔]'deleteValueFromDB should delete only the value in the database' PASSED: 
                                                                          Expected '--not found--'
                                                                          Received '--not found--'[0m
                                                              [0;32m        [✔]'deleteValueFromDB should keep flags in the database' PASSED: 
                                                                          Expected 'the flag is in the db'
                                                                          Received 'the flag is in the db'[0m
                                                              [0;33m        getChildsNames[0m
                                                              [0;32m        [✔]'getChildsNames can't return flags' PASSED[0m
                                                              [0;32m        [✔]'getChildsNames should return vars with value ' PASSED[0m
                                                              [0;32m        [✔]'getChildsNames should return vars without value (just with flags)' PASSED[0m
                                                              [0;32m        [✔]'getChildsNames should return empty vars with another childs' PASSED[0m
                                                              [0;33m        addClientsToObservers, removeClientFromObservers, isClientObserving, foreachObserversClients and getObserversClientIds[0m
                                                              [0;32m        [✔]'addClientToObservers should increment the client count in the variable' PASSED: 
                                                                          Expected '1'
                                                                          Received '1'[0m
                                                              [0;32m        [✔]'addClientToObservers should save the client index with the corret value' PASSED: 
                                                                          Expected '0'
                                                                          Received '0'[0m
                                                              [0;32m        [✔]'addClientToObservers should save the client id int the observers list' PASSED: 
                                                                          Expected 'UID1740330875629055ZhxC'
                                                                          Received 'UID1740330875629055ZhxC'[0m
                                                              [0;32m        [✔]'removeClientFromObservers should decrese the client count in the var flags' PASSED: 
                                                                          Expected '10'
                                                                          Received '10'[0m
                                                              [0;32m        [✔]'removeClientFromObservers should shift the client list in the var flags' PASSED: 
                                                                          Expected '!= --not found'
                                                                          Received '--not found--'[0m
                                                              [0;32m        [✔]'removeClientFromObservers should remove info in the byId list' PASSED: 
                                                                          Expected '--not found--'
                                                                          Received '--not found--'[0m
                                                              [0;32m        [✔]'isClientObserving should return false for clients that isn't observing a var' PASSED[0m
                                                              [0;32m        [✔]'isClientObserving should return true for clients observing a var' PASSED[0m
                                                              [0;32m        [✔]'isClientObserving should return false for clients removed from var observing flags' PASSED[0m
                                                              [0;32m        [✔]'getObservingClientIds should return all added clients' PASSED[0m
                                                              [0;32m        [✔]'getObservingClientIds should not return id of a removed client' PASSED[0m
                                                              [0;32m        [✔]'getObservingClientIds should return all added clients' PASSED[0m
                                                              [0;32m        [✔]'getObservingClientIds should not return id of a removed client' PASSED[0m
                                                                  Context Controller:
                                                              [0;32m        [✔]'_createUniqueId() sould return different ids between calls' PASSED[0m
                                                              [0;32m        [✔]'setVar should not be able to create flags' PASSED: 
                                                                          Expected '--not found--'
                                                                          Received '--not found--'[0m
                                                              				[] Entered in setVar task
                                                              				[TheController] Variabls started with underscorn (_) are just for internal flags and can't be setted by clients
                                                              				[] Entered in setVar task
                                                              [0;32m        [✔]'				[setVar should return erro when try to create flagsTheController' PASSED] : Variabls started with underscorn (_) are just for internal flags and can't be setted by clients
                                                                          Expected 'any error message ( != "")'
                                                                          Received 'Variabls started with underscorn (_) are just for internal flags and can't be setted by clients'[0m
                                                              
                                                              				[] Entered in setVar task
                                                              				[TheController] Invalid setVar parameter. A variable with '*' can't be set
                                                              				[] Will exit from setVar task
                                                              [0;32m        [✔]'setVar should not be able to create vars with '*' as a child name' PASSED: 
                                                                          Expected '--not found--'
                                                                          Received '--not found--'[0m
                                                              				[] Entered in setVar task
                                                              				[TheController] Invalid setVar parameter. A variable with '*' can't be set
                                                              				[] Will exit from setVar task
                                                              [0;32m        [✔]'setVar should return error when try to set '*' as a child name' PASSED: 
                                                                          Expected 'any error message ( != "")'
                                                                          Received 'Invalid setVar parameter. A variable with '*' can't be set'[0m
                                                              				[] Entered in setVar task
                                                              				[TheController] Invalid setVar parameter. A variable with '*' can't be set
                                                              				[] Will exit from setVar task
                                                              [0;32m        [✔]'setVar should not be able to create vars with '*' as part of name' PASSED: 
                                                                          Expected '--not found--'
                                                                          Received '--not found--'[0m
                                                              				[] Entered in setVar task
                                                              				[TheController] Invalid setVar parameter. A variable with '*' can't be set
                                                              				[] Will exit from setVar task
                                                              [0;32m        [✔]'setVar should not be able to the var name '*'' PASSED: 
                                                                          Expected '--not found--'
                                                                          Received '--not found--'[0m
                                                              				[] Entered in setVar task
                                                              				[TheController] Invalid setVar parameter. A variable with '*' can't be set
                                                              				[] Will exit from setVar task
                                                              [0;32m        [✔]'setVar should return error when try to set '*'' PASSED: 
                                                                          Expected 'any error message ( != "")'
                                                                          Received 'Invalid setVar parameter. A variable with '*' can't be set'[0m
                                                              				[] Entered in setVar task
                                                              				[TheController] Invalid setVar parameter. A variable with '*' can't be set
                                                              				[] Will exit from setVar task
                                                              [0;32m        [✔]'setVar should return error when try to set '*'' PASSED: 
                                                                          Expected 'any error message ( != "")'
                                                                          Received 'Invalid setVar parameter. A variable with '*' can't be set'[0m
                                                              				[] Entered in setVar task
                                                              				[] Will exit from setVar task
                                                              [0;32m        [✔]'setVar should create variable in the database' PASSED: 
                                                                          Expected 'the variable value'
                                                                          Received 'the variable value'[0m
                                                              				[] Entered in setVar task
                                                              				[] Will exit from setVar task
                                                              [0;32m        [✔]'setVar should create variable of a var child in the database' PASSED: 
                                                                          Expected 'the child value'
                                                                          Received 'the child value'[0m
                                                              				[] Entered in setVar task
                                                              				[TheController] Variabls started with underscorn (_) are just for internal flags and can't be setted by clients
                                                              [0;32m        [✔]'setVar can't set flag (vars begining with '_')' PASSED: 
                                                                          Expected '--not found--'
                                                                          Received '--not found--'[0m
                                                              				[] Entered in setVar task
                                                              				[TheController] Variabls started with underscorn (_) are just for internal flags and can't be setted by clients
                                                              [0;32m        [✔]'setVar can't set locked (vars begining with '_')' PASSED: 
                                                                          Expected '--not found--'
                                                                          Received '--not found--'[0m
                                                              				[] Entered in setVar task
                                                              				[] Will exit from setVar task
                                                              				[] Entered in setVar task
                                                              				[TheController] The variable 'this_var_will.be.locked' is locked and can't be changed by setVar
                                                              [0;32m        [✔]'setValue cannot set a locked var' PASSED: 
                                                                          Expected 'this is the original value of the locked var'
                                                                          Received 'this is the original value of the locked var'[0m
                                                              				[TheController] The variable name cannot be empty
                                                              [0;32m        [✔]'getVar should result in error for empty names' PASSED: 
                                                                          Expected 'Any error message'
                                                                          Received 'The variable name cannot be empty'[0m
                                                              [0;32m        [✔]'getVar should default value for variables that not exist' PASSED: 
                                                                          Expected 'default value'
                                                                          Received 'default value'[0m
                                                              				[] Entered in setVar task
                                                              				[] Will exit from setVar task
                                                              [0;32m        [✔]'getVar should return correct value of a existing variable' PASSED: 
                                                                          Expected 'exisisting value'
                                                                          Received 'exisisting value'[0m
                                                              				[] Entered in setVar task
                                                              				[] Will exit from setVar task
                                                              				[] Entered in setVar task
                                                              				[] Will exit from setVar task
                                                              				[] Entered in setVar task
                                                              				[] Will exit from setVar task
                                                              				[] Entered in setVar task
                                                              				[] Will exit from setVar task
                                                              				[] Entered in setVar task
                                                              				[] Will exit from setVar task
                                                              [0;32m        [✔]'getVar should return a list of vars if wildcard char (*) is used' PASSED[0m
                                                              [0;32m        [✔]'getVar should return a list of vars for 'variabl*' string' PASSED[0m
                                                              [0;32m        [✔]'getVar should return a list of vars if only the '*' char is used' PASSED[0m
                                                              				[] Entered in setVar task
                                                              				[] Will exit from setVar task
                                                              				[] Entered in setVar task
                                                              				[] Will exit from setVar task
                                                              				[] Entered in setVar task
                                                              				[] Will exit from setVar task
                                                              				[] Entered in setVar task
                                                              				[] Will exit from setVar task
                                                              				[] Entered in setVar task
                                                              				[] Will exit from setVar task
                                                              [0;32m        [✔]'delVar should delete variables' PASSED[0m
                                                              				[TheController] ::observeVar called. varName: ' this.is.a.var ', clientId:: ' UID1740330875638898dYgm ', api(id): ' tempApiId '
                                                              Storging API id tempApiId for the client UID1740330875638898dYgm
                                                              [0;32m        [✔]'observeVar should increment the client count in the variable (vars session of db)' PASSED: 
                                                                          Expected '1'
                                                                          Received '1'[0m
                                                              [0;32m        [✔]'observeVar should save the client index with the corret value (vars session of db)' PASSED: 
                                                                          Expected '0'
                                                                          Received '0'[0m
                                                              [0;32m        [✔]'observeVar should save the client id int the observers list (vars session of db)' PASSED: 
                                                                          Expected 'UID1740330875638898dYgm'
                                                                          Received 'UID1740330875638898dYgm'[0m
                                                              				[TheController] ::observeVar called. varName: ' this.is.another.var ', clientId:: ' UID1740330875638898dYgm ', api(id): ' tempApiId '
                                                              Storging API id tempApiId for the client UID1740330875638898dYgm
                                                              [0;32m        [✔]'observeVar should increase internal list items count (clients session of db)' PASSED: 
                                                                          Expected '2'
                                                                          Received '2'[0m
                                                              [0;32m        [✔]'observeVar should create internal list item (clients session of db)' PASSED: 
                                                                          Expected 'this.is.another.var'
                                                                          Received 'vars.this.is.another.var'[0m
                                                              				[TheController] ::observeVar called. varName: ' this.is.a.var ', clientId:: ' UID1740330875639445lzmo ', api(id): ' tempApiId '
                                                              Storging API id tempApiId for the client UID1740330875639445lzmo
                                                              				[TheController] ::observeVar called. varName: ' this.is.a.var ', clientId:: ' UID1740330875639450abLN ', api(id): ' tempApiId '
                                                              Storging API id tempApiId for the client UID1740330875639450abLN
                                                              [0;32m        [✔]'observeVar should save client id in the client list (vars session of db)' PASSED: 
                                                                          Expected 'UID1740330875639450abLN'
                                                                          Received 'UID1740330875639450abLN'[0m
                                                              Storging API id tempApiId for the client UID1740330875639445lzmo
                                                              [0;32m        [✔]'stopObservingVar should decrement the client count in the variable (vars session of db)' PASSED: 
                                                                          Expected '2'
                                                                          Received '2'[0m
                                                              				[TheController] ::observeVar called. varName: ' this.is.another.var ', clientId:: ' UID1740330875639445lzmo ', api(id): ' tempApiId '
                                                              Storging API id tempApiId for the client UID1740330875639445lzmo
                                                              Storging API id tempApiId for the client UID1740330875639445lzmo
                                                              [0;32m        [✔]'stopObservingVar should increase internal list items count (clients session of db)' PASSED: 
                                                                          Expected '0'
                                                                          Received '0'[0m
                                                              [0;32m        [✔]'observeVar should remove var from internal list item (clients session of db)' PASSED: 
                                                                          Expected '--not found--'
                                                                          Received '--not found--'[0m
                                                                  Context TaggedObject:
                                                              [0;32m        [✔]'Tag should be created' PASSED[0m
                                                              [0;32m        [✔]'Should get correctly a tag' PASSED[0m
                                                              [0;32m        [✔]'Should return the defualt value if tag doesn't exists' PASSED[0m
                                                              [0;32m        [✔]'Set on an existing tag should change its value' PASSED[0m
                                                              [0;32m        [✔]'If tags map is cleared, the getTag should return the defaultValue' PASSED[0m
                                                                  Context APIs.Http:
                                                              
                                                              Final statistics: 126 tests perfomed, where 126 passed and 0 failed.
[0m[2025-02-23 14:02:58.325-0300][INFO][deploy-system/VssHelper] Tests passed
[0m[0;35m[2025-02-23 14:02:58.833-0300][DEBUG][gitobserver] Checking branch develop
[0m[0;35m[2025-02-23 14:02:58.872-0300][DEBUG][gitobserver] Branch develop is a valid branch to be processed
[0m[0;34m[2025-02-23 14:02:59.579-0300][COMMAND_TRACE][gitobserver] Switched to branch 'develop'
[0m[0;34m[2025-02-23 14:02:59.615-0300][COMMAND_TRACE][gitobserver] Your branch is up to date with 'origin/develop'.
[0m[0;34m[2025-02-23 14:02:59.706-0300][COMMAND_TRACE][gitobserver] Already up to date.
[0m[0;35m[2025-02-23 14:02:01.115-0300][DEBUG][gitobserver] Checking branch main
[0m[0;35m[2025-02-23 14:02:01.148-0300][DEBUG][gitobserver] Branch main is a valid branch to be processed
[0m[0;34m[2025-02-23 14:02:02.622-0300][COMMAND_TRACE][gitobserver] Switched to branch 'main'
[0m[0;34m[2025-02-23 14:02:02.660-0300][COMMAND_TRACE][gitobserver] Your branch is up to date with 'origin/main'.
[0m[0;34m[2025-02-23 14:02:02.754-0300][COMMAND_TRACE][gitobserver] Already up to date.
[0m[2025-02-23 14:02:03.165-0300][INFO][deploy-system] running stage '3) Build main project'
[0m[2025-02-23 14:02:04.181-0300][INFO][deploy-system/VssHelper] ----- [ Making the project ] -----
[0m[0;35m[2025-02-23 14:02:04.238-0300][DEBUG][deploy-system/VssHelper] calling make all with nice -n 19
[0m[2025-02-23 14:02:27.214-0300][INFO][deploy-system/VssHelper] Project built successfully
[0m[2025-02-23 14:02:56.131-0300][INFO][deploy-system] running stage '4) Upload artifacts'
[0m[2025-02-23 14:02:57.302-0300][INFO][deploy-system/VssHelper] Creating the file: vss-v1.3.0+Veruna-build-artifacts-aarch64.tar.gz
[0m[0;34m[2025-02-23 14:02:57.362-0300][COMMAND_TRACE][deploy-system/VssHelper] ./vss-v1.3.0+Veruna-build-artifacts-aarch64/
[0m[0;34m[2025-02-23 14:02:57.411-0300][COMMAND_TRACE][deploy-system/VssHelper] ./vss-v1.3.0+Veruna-build-artifacts-aarch64/certs/
[0m[0;34m[2025-02-23 14:02:57.446-0300][COMMAND_TRACE][deploy-system/VssHelper] ./vss-v1.3.0+Veruna-build-artifacts-aarch64/certs/vssCert.pem
[0m[0;34m[2025-02-23 14:02:57.481-0300][COMMAND_TRACE][deploy-system/VssHelper] ./vss-v1.3.0+Veruna-build-artifacts-aarch64/certs/vssKey.pem
[0m[0;34m[2025-02-23 14:02:57.516-0300][COMMAND_TRACE][deploy-system/VssHelper] ./vss-v1.3.0+Veruna-build-artifacts-aarch64/vss
[0m[0;34m[2025-02-23 14:02:57.696-0300][COMMAND_TRACE][deploy-system/VssHelper] ./vss-v1.3.0+Veruna-build-artifacts-aarch64/confs.conf
[0m[2025-02-23 14:02:57.735-0300][INFO][deploy-system/VssHelper] Artifacts file created successfully
[0mevaluating 784724 >= 5000
firing
evaluating 784724 >= 120000
firing
[2025-02-23 14:02:02.477-0300][INFO][gitobserver] checking folder /auto/pipelines/vss/run/workdata/gitobserver/mntflashdrive64gbprojects_reposVarStreamServer/projectcode/.git
[0m[0;34m[2025-02-23 14:02:02.549-0300][COMMAND_TRACE][gitobserver] Fetching origin
[0m[2025-02-23 14:02:02.908-0300][INFO][deploy-system] running stage '5) Deploy to production'
[0m__app___ProjAndSysHelper_deployToProduction called with tag: v1.3.0+Veruna, state , error:  and onDone: anonimousFunction_13
[0;35m[2025-02-23 14:02:04.951-0300][DEBUG][deploy-system/VssHelper] __app___ProjAndSysHelper_deployToProduction called with tag: v1.3.0+Veruna, state , error:  and onDone: anonimousFunction_13
[0m1
checking state: 
2
__app___ProjAndSysHelper_deployToProduction called with tag: v1.3.0+Veruna, state stopVssGuard, error:  and onDone: anonimousFunction_13
[0;35m[2025-02-23 14:02:04.993-0300][DEBUG][deploy-system/VssHelper] __app___ProjAndSysHelper_deployToProduction called with tag: v1.3.0+Veruna, state stopVssGuard, error:  and onDone: anonimousFunction_13
[0m1
checking state: 
3
[2025-02-23 14:02:05.027-0300][INFO][deploy-system/VssHelper] stopping vss guard
[0m[[[[[[[[[[[[[[[[[[[[[[[[[[[[[[[[[calling wait for ]]]]]]]]]]]]]]]]]]]]]]]]]]]]]]]]]]
wait for called with args anonimousFunction_27 anonimousFunction_28 10
milisseconds: 500.0
8
8
[0;35m[2025-02-23 14:02:05.558-0300][DEBUG][gitobserver] Checking branch develop
[0m[0;35m[2025-02-23 14:02:05.594-0300][DEBUG][gitobserver] Branch develop is a valid branch to be processed
[0m[0;34m[2025-02-23 14:02:06.294-0300][COMMAND_TRACE][gitobserver] Switched to branch 'develop'
[0m[0;34m[2025-02-23 14:02:06.331-0300][COMMAND_TRACE][gitobserver] Your branch is up to date with 'origin/develop'.
[0m[0;34m[2025-02-23 14:02:06.423-0300][COMMAND_TRACE][gitobserver] Already up to date.
[0m[0;35m[2025-02-23 14:02:07.801-0300][DEBUG][gitobserver] Checking branch main
[0m[0;35m[2025-02-23 14:02:07.834-0300][DEBUG][gitobserver] Branch main is a valid branch to be processed
[0m[0;34m[2025-02-23 14:02:09.272-0300][COMMAND_TRACE][gitobserver] Switched to branch 'main'
[0m[0;34m[2025-02-23 14:02:09.308-0300][COMMAND_TRACE][gitobserver] Your branch is up to date with 'origin/main'.
[0m[0;34m[2025-02-23 14:02:09.400-0300][COMMAND_TRACE][gitobserver] Already up to date.
[0mevaluating 154758 >= 5000
firing
evaluating 154758 >= 120000
firing
[2025-02-23 14:02:37.224-0300][INFO][gitobserver] checking folder /auto/pipelines/vss/run/workdata/gitobserver/mntflashdrive64gbprojects_reposVarStreamServer/projectcode/.git
[0m[0;34m[2025-02-23 14:02:37.271-0300][COMMAND_TRACE][gitobserver] Fetching origin
[0mevaluating 152103 >= 500
firing
running periodically
evaluating anonimousFunction_27
checking
Ok, vss guard stopped
finished
condition is true
exiting with sucess
evaluating '__app___ProjAndSysHelper_deployToProduction v1.3.0+Veruna anonimousFunction_13 replaceFiles'
__app___ProjAndSysHelper_deployToProduction called with tag: v1.3.0+Veruna, state replaceFiles, error:  and onDone: anonimousFunction_13
[0;35m[2025-02-23 14:02:38.150-0300][DEBUG][deploy-system/VssHelper] __app___ProjAndSysHelper_deployToProduction called with tag: v1.3.0+Veruna, state replaceFiles, error:  and onDone: anonimousFunction_13
[0m1
checking state: 
4
[2025-02-23 14:02:38.185-0300][INFO][deploy-system/VssHelper] replacing vss binary file
[0m[0;35m[2025-02-23 14:02:38.220-0300][DEBUG][deploy-system/VssHelper] running cp -r "/auto/pipelines/vss/run/workdata/VssProjectHelper/projectCode/build/"* ~/vss/bin/ > /tmp/vssreplbin 2>&1
[0m__app___ProjAndSysHelper_deployToProduction called with tag: v1.3.0+Veruna, state runVssGuard, error:  and onDone: anonimousFunction_13
[0;35m[2025-02-23 14:02:38.341-0300][DEBUG][deploy-system/VssHelper] __app___ProjAndSysHelper_deployToProduction called with tag: v1.3.0+Veruna, state runVssGuard, error:  and onDone: anonimousFunction_13
[0m1
checking state: 
5
running __app___ProjAndSysHelper_runVssGuard function
looooooooooooooooooooooooooooooooooooooooooooooooooooooool
[2025-02-23 14:02:38.374-0300][INFO][deploy-system/VssHelper] Requesting vss start to the vss guard
[0mcalling w ait for
wait for called with args anonimousFunction_29 anonimousFunction_30 10
milisseconds: 500.0
8
8
[0;35m[2025-02-23 14:02:38.914-0300][DEBUG][gitobserver] Checking branch develop
[0m[0;35m[2025-02-23 14:02:38.950-0300][DEBUG][gitobserver] Branch develop is a valid branch to be processed
[0m[0;34m[2025-02-23 14:02:39.696-0300][COMMAND_TRACE][gitobserver] Switched to branch 'develop'
[0m[0;34m[2025-02-23 14:02:39.732-0300][COMMAND_TRACE][gitobserver] Your branch is up to date with 'origin/develop'.
[0m[0;34m[2025-02-23 14:02:39.828-0300][COMMAND_TRACE][gitobserver] Already up to date.
[0m[0;35m[2025-02-23 14:02:41.140-0300][DEBUG][gitobserver] Checking branch main
[0m[0;35m[2025-02-23 14:02:41.172-0300][DEBUG][gitobserver] Branch main is a valid branch to be processed
[0m[0;34m[2025-02-23 14:02:42.539-0300][COMMAND_TRACE][gitobserver] Switched to branch 'main'
[0m[0;34m[2025-02-23 14:02:42.575-0300][COMMAND_TRACE][gitobserver] Your branch is up to date with 'origin/main'.
[0m[0;34m[2025-02-23 14:02:42.677-0300][COMMAND_TRACE][gitobserver] Already up to date.
[0m